#
# There is insufficient memory for the Java Runtime Environment to continue.
# Native memory allocation (malloc) failed to allocate 614816 bytes. Error detail: Chunk::new
# Possible reasons:
#   The system is out of physical RAM or swap space
#   This process is running with CompressedOops enabled, and the Java Heap may be blocking the growth of the native heap
# Possible solutions:
#   Reduce memory load on the system
#   Increase physical memory or swap space
#   Check if swap backing store is full
#   Decrease Java heap size (-Xmx/-Xms)
#   Decrease number of Java threads
#   Decrease Java thread stack sizes (-Xss)
#   Set larger code cache with -XX:ReservedCodeCacheSize=
#   JVM is running with Unscaled Compressed Oops mode in which the Java heap is
#     placed in the first 4GB address space. The Java Heap base address is the
#     maximum limit for the native heap growth. Please use -XX:HeapBaseMinAddress
#     to set the Java Heap base and to place the Java Heap above 4GB virtual address.
# This output file may be truncated or incomplete.
#
#  Out of Memory Error (arena.cpp:168), pid=23528, tid=17180
#
# JRE version: OpenJDK Runtime Environment Temurin-21.0.8+9 (21.0.8+9) (build 21.0.8+9-LTS)
# Java VM: OpenJDK 64-Bit Server VM Temurin-21.0.8+9 (21.0.8+9-LTS, mixed mode, sharing, tiered, compressed oops, compressed class ptrs, parallel gc, windows-amd64)
# No core dump will be written. Minidumps are not enabled by default on client versions of Windows
#

---------------  S U M M A R Y ------------

Command Line: --add-modules=ALL-SYSTEM --add-opens=java.base/java.util=ALL-UNNAMED --add-opens=java.base/java.lang=ALL-UNNAMED --add-opens=java.base/sun.nio.fs=ALL-UNNAMED -Declipse.application=org.eclipse.jdt.ls.core.id1 -Dosgi.bundles.defaultStartLevel=4 -Declipse.product=org.eclipse.jdt.ls.core.product -Djava.import.generatesMetadataFilesAtProjectRoot=false -DDetectVMInstallationsJob.disabled=true -Dfile.encoding=utf8 -XX:+UseParallelGC -XX:GCTimeRatio=4 -XX:AdaptiveSizePolicyWeight=90 -Dsun.zip.disableMemoryMapping=true -Xmx2G -Xms100m -Xlog:disable -javaagent:c:\Users\HP\.vscode\extensions\redhat.java-1.47.0-win32-x64\lombok\lombok-1.18.39-4050.jar -XX:+HeapDumpOnOutOfMemoryError -XX:HeapDumpPath=c:\Users\HP\AppData\Roaming\Code\User\workspaceStorage\8b853b09a9e60bccf129865e28f2e1de\redhat.java -Daether.dependencyCollector.impl=bf c:\Users\HP\.vscode\extensions\redhat.java-1.47.0-win32-x64\server\plugins\org.eclipse.equinox.launcher_1.7.100.v20251014-1222.jar -configuration c:\Users\HP\AppData\Roaming\Code\User\globalStorage\redhat.java\1.47.0\config_win -data c:\Users\HP\AppData\Roaming\Code\User\workspaceStorage\8b853b09a9e60bccf129865e28f2e1de\redhat.java\jdt_ws --pipe=\\.\pipe\lsp-9cef11ac3ce05f48d18d8583681a9d70-sock

Host: 11th Gen Intel(R) Core(TM) i5-1155G7 @ 2.50GHz, 8 cores, 7G,  Windows 11 , 64 bit Build 22621 (10.0.22621.3958)
Time: Fri Nov 14 08:12:18 2025 Bangladesh Standard Time elapsed time: 30.547350 seconds (0d 0h 0m 30s)

---------------  T H R E A D  ---------------

Current thread (0x000001b07e908fb0):  JavaThread "C2 CompilerThread0" daemon [_thread_in_native, id=17180, stack(0x0000008186f00000,0x0000008187000000) (1024K)]


Current CompileTask:
C2:30547 12910   !   4       org.eclipse.jdt.internal.core.index.DiskIndex::mergeWith (623 bytes)

Stack: [0x0000008186f00000,0x0000008187000000]
Native frames: (J=compiled Java code, j=interpreted, Vv=VM code, C=native code)
V  [jvm.dll+0x6d2449]
V  [jvm.dll+0x8ae341]
V  [jvm.dll+0x8b08be]
V  [jvm.dll+0x8b0fa3]
V  [jvm.dll+0x280c96]
V  [jvm.dll+0xc581d]
V  [jvm.dll+0xc5d53]
V  [jvm.dll+0x2f539d]
V  [jvm.dll+0x5fa00a]
V  [jvm.dll+0x252092]
V  [jvm.dll+0x24a56e]
V  [jvm.dll+0x2483a4]
V  [jvm.dll+0x1c89ee]
V  [jvm.dll+0x257d4d]
V  [jvm.dll+0x2562ea]
V  [jvm.dll+0x3f2d16]
V  [jvm.dll+0x857e6b]
V  [jvm.dll+0x6d0b0d]
C  [ucrtbase.dll+0x29333]
C  [KERNEL32.DLL+0x1257d]
C  [ntdll.dll+0x5af28]


---------------  P R O C E S S  ---------------

Threads class SMR info:
_java_thread_list=0x000001b05723b970, length=66, elements={
0x000001b076e9e480, 0x000001b07e8fcb00, 0x000001b07e8fe140, 0x000001b07e903550,
0x000001b07e906be0, 0x000001b07e907730, 0x000001b07e908180, 0x000001b07e908fb0,
0x000001b07e913480, 0x000001b0502fabc0, 0x000001b050498c70, 0x000001b055351c90,
0x000001b05514d480, 0x000001b055165fa0, 0x000001b050bd8b10, 0x000001b055618410,
0x000001b05587efe0, 0x000001b055872010, 0x000001b055589150, 0x000001b055945ad0,
0x000001b055947510, 0x000001b055946e80, 0x000001b055947ba0, 0x000001b055948230,
0x000001b0559488c0, 0x000001b055946160, 0x000001b0559467f0, 0x000001b055948f50,
0x000001b057c891f0, 0x000001b057c87120, 0x000001b057c87e40, 0x000001b057c877b0,
0x000001b057c884d0, 0x000001b057c828f0, 0x000001b057c86400, 0x000001b057c89f10,
0x000001b057c88b60, 0x000001b057c86a90, 0x000001b057c82f80, 0x000001b057c89880,
0x000001b057c849c0, 0x000001b057c83610, 0x000001b057c83ca0, 0x000001b057c84330,
0x000001b057c85d70, 0x000001b058d04790, 0x000001b058d08fc0, 0x000001b058d0b090,
0x000001b058d09650, 0x000001b058d07580, 0x000001b058d05b40, 0x000001b058d04e20,
0x000001b058d061d0, 0x000001b058d09ce0, 0x000001b058d0a370, 0x000001b058d06860,
0x000001b058d07c10, 0x000001b058d054b0, 0x000001b058d082a0, 0x000001b058d06ef0,
0x000001b058d08930, 0x000001b058d0b720, 0x000001b05d7961f0, 0x000001b05d7954d0,
0x000001b05d793400, 0x000001b05d796f10
}

Java Threads: ( => current thread )
  0x000001b076e9e480 JavaThread "main"                              [_thread_blocked, id=6068, stack(0x0000008186500000,0x0000008186600000) (1024K)]
  0x000001b07e8fcb00 JavaThread "Reference Handler"          daemon [_thread_blocked, id=14676, stack(0x0000008186900000,0x0000008186a00000) (1024K)]
  0x000001b07e8fe140 JavaThread "Finalizer"                  daemon [_thread_blocked, id=2772, stack(0x0000008186a00000,0x0000008186b00000) (1024K)]
  0x000001b07e903550 JavaThread "Signal Dispatcher"          daemon [_thread_blocked, id=2844, stack(0x0000008186b00000,0x0000008186c00000) (1024K)]
  0x000001b07e906be0 JavaThread "Attach Listener"            daemon [_thread_blocked, id=5452, stack(0x0000008186c00000,0x0000008186d00000) (1024K)]
  0x000001b07e907730 JavaThread "Service Thread"             daemon [_thread_blocked, id=21828, stack(0x0000008186d00000,0x0000008186e00000) (1024K)]
  0x000001b07e908180 JavaThread "Monitor Deflation Thread"   daemon [_thread_blocked, id=16260, stack(0x0000008186e00000,0x0000008186f00000) (1024K)]
=>0x000001b07e908fb0 JavaThread "C2 CompilerThread0"         daemon [_thread_in_native, id=17180, stack(0x0000008186f00000,0x0000008187000000) (1024K)]
  0x000001b07e913480 JavaThread "C1 CompilerThread0"         daemon [_thread_blocked, id=11460, stack(0x0000008187000000,0x0000008187100000) (1024K)]
  0x000001b0502fabc0 JavaThread "Common-Cleaner"             daemon [_thread_blocked, id=3264, stack(0x0000008187100000,0x0000008187200000) (1024K)]
  0x000001b050498c70 JavaThread "Notification Thread"        daemon [_thread_blocked, id=12136, stack(0x0000008187200000,0x0000008187300000) (1024K)]
  0x000001b055351c90 JavaThread "Active Thread: Equinox Container: 85cb4e63-d0aa-4817-a18e-a735237c6eea"        [_thread_blocked, id=15012, stack(0x0000008187b00000,0x0000008187c00000) (1024K)]
  0x000001b05514d480 JavaThread "Refresh Thread: Equinox Container: 85cb4e63-d0aa-4817-a18e-a735237c6eea" daemon [_thread_blocked, id=22736, stack(0x0000008187c00000,0x0000008187d00000) (1024K)]
  0x000001b055165fa0 JavaThread "Framework Event Dispatcher: Equinox Container: 85cb4e63-d0aa-4817-a18e-a735237c6eea" daemon [_thread_blocked, id=14728, stack(0x0000008187e00000,0x0000008187f00000) (1024K)]
  0x000001b050bd8b10 JavaThread "Start Level: Equinox Container: 85cb4e63-d0aa-4817-a18e-a735237c6eea" daemon [_thread_blocked, id=7016, stack(0x0000008187f00000,0x0000008188000000) (1024K)]
  0x000001b055618410 JavaThread "Bundle File Closer"         daemon [_thread_blocked, id=2372, stack(0x0000008187400000,0x0000008187500000) (1024K)]
  0x000001b05587efe0 JavaThread "SCR Component Actor"        daemon [_thread_blocked, id=21216, stack(0x0000008188000000,0x0000008188100000) (1024K)]
  0x000001b055872010 JavaThread "Worker-JM"                         [_thread_blocked, id=12888, stack(0x0000008188200000,0x0000008188300000) (1024K)]
  0x000001b055589150 JavaThread "JNA Cleaner"                daemon [_thread_blocked, id=12844, stack(0x0000008187300000,0x0000008187400000) (1024K)]
  0x000001b055945ad0 JavaThread "Worker-0"                          [_thread_blocked, id=18784, stack(0x0000008188100000,0x0000008188200000) (1024K)]
  0x000001b055947510 JavaThread "Worker-1"                          [_thread_blocked, id=24292, stack(0x0000008188300000,0x0000008188400000) (1024K)]
  0x000001b055946e80 JavaThread "Java indexing"              daemon [_thread_blocked, id=17544, stack(0x0000008188600000,0x0000008188700000) (1024K)]
  0x000001b055947ba0 JavaThread "Worker-2"                          [_thread_blocked, id=20576, stack(0x0000008188700000,0x0000008188800000) (1024K)]
  0x000001b055948230 JavaThread "Worker-3: Java indexing... "        [_thread_blocked, id=17172, stack(0x0000008188800000,0x0000008188900000) (1024K)]
  0x000001b0559488c0 JavaThread "Worker-4"                          [_thread_blocked, id=1884, stack(0x0000008188900000,0x0000008188a00000) (1024K)]
  0x000001b055946160 JavaThread "Thread-1"                   daemon [_thread_in_native, id=1336, stack(0x0000008188a00000,0x0000008188b00000) (1024K)]
  0x000001b0559467f0 JavaThread "Thread-2"                   daemon [_thread_in_native, id=14940, stack(0x0000008188b00000,0x0000008188c00000) (1024K)]
  0x000001b055948f50 JavaThread "Thread-3"                   daemon [_thread_in_native, id=16160, stack(0x0000008188c00000,0x0000008188d00000) (1024K)]
  0x000001b057c891f0 JavaThread "Thread-4"                   daemon [_thread_in_native, id=8348, stack(0x0000008188d00000,0x0000008188e00000) (1024K)]
  0x000001b057c87120 JavaThread "Thread-5"                   daemon [_thread_in_native, id=18128, stack(0x0000008188e00000,0x0000008188f00000) (1024K)]
  0x000001b057c87e40 JavaThread "Thread-6"                   daemon [_thread_in_native, id=22156, stack(0x0000008188f00000,0x0000008189000000) (1024K)]
  0x000001b057c877b0 JavaThread "Thread-7"                   daemon [_thread_in_native, id=1460, stack(0x0000008189000000,0x0000008189100000) (1024K)]
  0x000001b057c884d0 JavaThread "Thread-8"                   daemon [_thread_in_native, id=23828, stack(0x0000008189100000,0x0000008189200000) (1024K)]
  0x000001b057c828f0 JavaThread "Thread-9"                   daemon [_thread_in_native, id=21992, stack(0x0000008189200000,0x0000008189300000) (1024K)]
  0x000001b057c86400 JavaThread "pool-2-thread-1"                   [_thread_blocked, id=18224, stack(0x0000008189300000,0x0000008189400000) (1024K)]
  0x000001b057c89f10 JavaThread "WorkspaceEventsHandler"            [_thread_blocked, id=21920, stack(0x0000008189400000,0x0000008189500000) (1024K)]
  0x000001b057c88b60 JavaThread "pool-1-thread-1"                   [_thread_blocked, id=20064, stack(0x0000008189500000,0x0000008189600000) (1024K)]
  0x000001b057c86a90 JavaThread "ForkJoinPool.commonPool-worker-1" daemon [_thread_blocked, id=20932, stack(0x0000008189600000,0x0000008189700000) (1024K)]
  0x000001b057c82f80 JavaThread "ForkJoinPool.commonPool-worker-2" daemon [_thread_blocked, id=2712, stack(0x0000008189700000,0x0000008189800000) (1024K)]
  0x000001b057c89880 JavaThread "ForkJoinPool.commonPool-worker-3" daemon [_thread_blocked, id=18508, stack(0x0000008189800000,0x0000008189900000) (1024K)]
  0x000001b057c849c0 JavaThread "Worker-5"                          [_thread_blocked, id=6700, stack(0x0000008189900000,0x0000008189a00000) (1024K)]
  0x000001b057c83610 JavaThread "ForkJoinPool.commonPool-worker-4" daemon [_thread_blocked, id=20368, stack(0x0000008189a00000,0x0000008189b00000) (1024K)]
  0x000001b057c83ca0 JavaThread "ForkJoinPool.commonPool-worker-5" daemon [_thread_blocked, id=14112, stack(0x0000008189b00000,0x0000008189c00000) (1024K)]
  0x000001b057c84330 JavaThread "ForkJoinPool.commonPool-worker-6" daemon [_thread_blocked, id=19920, stack(0x0000008189c00000,0x0000008189d00000) (1024K)]
  0x000001b057c85d70 JavaThread "LocalFile Deleter"          daemon [_thread_blocked, id=4200, stack(0x0000008189d00000,0x0000008189e00000) (1024K)]
  0x000001b058d04790 JavaThread "LocalFile Deleter"          daemon [_thread_blocked, id=6368, stack(0x0000008189e00000,0x0000008189f00000) (1024K)]
  0x000001b058d08fc0 JavaThread "LocalFile Deleter"          daemon [_thread_blocked, id=16412, stack(0x0000008189f00000,0x000000818a000000) (1024K)]
  0x000001b058d0b090 JavaThread "LocalFile Deleter"          daemon [_thread_blocked, id=23288, stack(0x000000818a000000,0x000000818a100000) (1024K)]
  0x000001b058d09650 JavaThread "LocalFile Deleter"          daemon [_thread_blocked, id=12704, stack(0x000000818a100000,0x000000818a200000) (1024K)]
  0x000001b058d07580 JavaThread "LocalFile Deleter"          daemon [_thread_blocked, id=24124, stack(0x000000818a200000,0x000000818a300000) (1024K)]
  0x000001b058d05b40 JavaThread "LocalFile Deleter"          daemon [_thread_blocked, id=5456, stack(0x000000818a300000,0x000000818a400000) (1024K)]
  0x000001b058d04e20 JavaThread "LocalFile Deleter"          daemon [_thread_blocked, id=19024, stack(0x000000818a400000,0x000000818a500000) (1024K)]
  0x000001b058d061d0 JavaThread "Compiler Source File Reader" daemon [_thread_blocked, id=23604, stack(0x000000818a500000,0x000000818a600000) (1024K)]
  0x000001b058d09ce0 JavaThread "Compiler Source File Reader" daemon [_thread_blocked, id=21396, stack(0x000000818a600000,0x000000818a700000) (1024K)]
  0x000001b058d0a370 JavaThread "Compiler Source File Reader" daemon [_thread_blocked, id=21188, stack(0x000000818a700000,0x000000818a800000) (1024K)]
  0x000001b058d06860 JavaThread "Compiler Source File Reader" daemon [_thread_blocked, id=23912, stack(0x000000818a800000,0x000000818a900000) (1024K)]
  0x000001b058d07c10 JavaThread "Compiler Source File Reader" daemon [_thread_blocked, id=9664, stack(0x000000818a900000,0x000000818aa00000) (1024K)]
  0x000001b058d054b0 JavaThread "Compiler Source File Reader" daemon [_thread_blocked, id=20432, stack(0x000000818aa00000,0x000000818ab00000) (1024K)]
  0x000001b058d082a0 JavaThread "Compiler Processing Task"   daemon [_thread_blocked, id=9332, stack(0x000000818ab00000,0x000000818ac00000) (1024K)]
  0x000001b058d06ef0 JavaThread "Compiler Class File Writer" daemon [_thread_blocked, id=24500, stack(0x000000818ac00000,0x000000818ad00000) (1024K)]
  0x000001b058d08930 JavaThread "Compiler Class File Writer" daemon [_thread_blocked, id=22884, stack(0x000000818ad00000,0x000000818ae00000) (1024K)]
  0x000001b058d0b720 JavaThread "Compiler Class File Writer" daemon [_thread_blocked, id=20356, stack(0x000000818ae00000,0x000000818af00000) (1024K)]
  0x000001b05d7961f0 JavaThread "Compiler Class File Writer" daemon [_thread_blocked, id=21660, stack(0x000000818af00000,0x000000818b000000) (1024K)]
  0x000001b05d7954d0 JavaThread "Compiler Class File Writer" daemon [_thread_blocked, id=2552, stack(0x000000818b000000,0x000000818b100000) (1024K)]
  0x000001b05d793400 JavaThread "Compiler Class File Writer" daemon [_thread_blocked, id=7940, stack(0x000000818b100000,0x000000818b200000) (1024K)]
  0x000001b05d796f10 JavaThread "ForkJoinPool.commonPool-worker-7" daemon [_thread_blocked, id=22964, stack(0x000000818b200000,0x000000818b300000) (1024K)]
Total: 66

Other Threads:
  0x000001b07e8e2850 VMThread "VM Thread"                           [id=8712, stack(0x0000008186800000,0x0000008186900000) (1024K)]
  0x000001b076f07f80 WatcherThread "VM Periodic Task Thread"        [id=21656, stack(0x0000008186700000,0x0000008186800000) (1024K)]
  0x000001b076ebc360 WorkerThread "GC Thread#0"                     [id=19912, stack(0x0000008186600000,0x0000008186700000) (1024K)]
  0x000001b050d5d680 WorkerThread "GC Thread#1"                     [id=21892, stack(0x0000008187500000,0x0000008187600000) (1024K)]
  0x000001b050d5aa80 WorkerThread "GC Thread#2"                     [id=19396, stack(0x0000008187600000,0x0000008187700000) (1024K)]
  0x000001b050d5da20 WorkerThread "GC Thread#3"                     [id=21856, stack(0x0000008187700000,0x0000008187800000) (1024K)]
  0x000001b0507760d0 WorkerThread "GC Thread#4"                     [id=22512, stack(0x0000008187800000,0x0000008187900000) (1024K)]
  0x000001b050776470 WorkerThread "GC Thread#5"                     [id=22008, stack(0x0000008187900000,0x0000008187a00000) (1024K)]
  0x000001b050776810 WorkerThread "GC Thread#6"                     [id=17204, stack(0x0000008187a00000,0x0000008187b00000) (1024K)]
  0x000001b050bdd750 WorkerThread "GC Thread#7"                     [id=13956, stack(0x0000008187d00000,0x0000008187e00000) (1024K)]
Total: 10

Threads with active compile tasks:
C2 CompilerThread0  30584 12910   !   4       org.eclipse.jdt.internal.core.index.DiskIndex::mergeWith (623 bytes)
Total: 1

VM state: at safepoint (normal execution)

VM Mutex/Monitor currently owned by a thread:  ([mutex/lock_event])
[0x00007ffaf3095458] Threads_lock - owner thread: 0x000001b07e8e2850
[0x00007ffaf3095558] Heap_lock - owner thread: 0x000001b055946e80

Heap address: 0x0000000080000000, size: 2048 MB, Compressed Oops mode: 32-bit

CDS archive(s) mapped at: [0x000001b00f000000-0x000001b00fba0000-0x000001b00fba0000), size 12189696, SharedBaseAddress: 0x000001b00f000000, ArchiveRelocationMode: 1.
Compressed class space mapped at: 0x000001b010000000-0x000001b050000000, reserved size: 1073741824
Narrow klass base: 0x000001b00f000000, Narrow klass shift: 0, Narrow klass range: 0x100000000

GC Precious Log:
 CardTable entry size: 512
 CPUs: 8 total, 8 available
 Memory: 7941M
 Large Page Support: Disabled
 NUMA Support: Disabled
 Compressed Oops: Enabled (32-bit)
 Alignments: Space 512K, Generation 512K, Heap 2M
 Heap Min Capacity: 100M
 Heap Initial Capacity: 100M
 Heap Max Capacity: 2G
 Pre-touch: Disabled
 Parallel Workers: 8

Heap:
 PSYoungGen      total 3072K, used 3047K [0x00000000d5580000, 0x00000000d5a00000, 0x0000000100000000)
  eden space 1536K, 100% used [0x00000000d5580000,0x00000000d5700000,0x00000000d5700000)
  from space 1536K, 98% used [0x00000000d5700000,0x00000000d5879fa0,0x00000000d5880000)
  to   space 1024K, 100% used [0x00000000d5900000,0x00000000d5a00000,0x00000000d5a00000)
 ParOldGen       total 719360K, used 719177K [0x0000000080000000, 0x00000000abe80000, 0x00000000d5580000)
  object space 719360K, 99% used [0x0000000080000000,0x00000000abe52648,0x00000000abe80000)
 Metaspace       used 68070K, committed 69632K, reserved 1114112K
  class space    used 7147K, committed 7808K, reserved 1048576K

Card table byte_map: [0x000001b076870000,0x000001b076c80000] _byte_map_base: 0x000001b076470000

Marking Bits: (ParMarkBitMap*) 0x00007ffaf309a340
 Begin Bits: [0x000001b07a340000, 0x000001b07c340000)
 End Bits:   [0x000001b07c340000, 0x000001b07e340000)

Polling page: 0x000001b076660000

Metaspace:

Usage:
  Non-class:     59.50 MB used.
      Class:      6.98 MB used.
       Both:     66.48 MB used.

Virtual space:
  Non-class space:       64.00 MB reserved,      60.38 MB ( 94%) committed,  1 nodes.
      Class space:        1.00 GB reserved,       7.62 MB ( <1%) committed,  1 nodes.
             Both:        1.06 GB reserved,      68.00 MB (  6%) committed. 

Chunk freelists:
   Non-Class:  3.50 MB
       Class:  8.23 MB
        Both:  11.73 MB

MaxMetaspaceSize: unlimited
CompressedClassSpaceSize: 1.00 GB
Initial GC threshold: 21.00 MB
Current GC threshold: 97.81 MB
CDS: on
 - commit_granule_bytes: 65536.
 - commit_granule_words: 8192.
 - virtual_space_node_default_size: 8388608.
 - enlarge_chunks_in_place: 1.
 - use_allocation_guard: 0.


Internal statistics:

num_allocs_failed_limit: 13.
num_arena_births: 1388.
num_arena_deaths: 18.
num_vsnodes_births: 2.
num_vsnodes_deaths: 0.
num_space_committed: 1088.
num_space_uncommitted: 0.
num_chunks_returned_to_freelist: 32.
num_chunks_taken_from_freelist: 4816.
num_chunk_merges: 17.
num_chunk_splits: 2877.
num_chunks_enlarged: 1483.
num_inconsistent_stats: 0.

CodeHeap 'non-profiled nmethods': size=120000Kb used=8694Kb max_used=8694Kb free=111305Kb
 bounds [0x000001b007ad0000, 0x000001b008350000, 0x000001b00f000000]
CodeHeap 'profiled nmethods': size=120000Kb used=27303Kb max_used=27303Kb free=92696Kb
 bounds [0x000001b000000000, 0x000001b001ab0000, 0x000001b007530000]
CodeHeap 'non-nmethods': size=5760Kb used=1462Kb max_used=1563Kb free=4298Kb
 bounds [0x000001b007530000, 0x000001b0077a0000, 0x000001b007ad0000]
CodeCache: size=245760Kb, used=37459Kb, max_used=37560Kb, free=208299Kb
 total_blobs=12937, nmethods=12167, adapters=674, full_count=0
Compilation: enabled, stopped_count=0, restarted_count=0

Compilation events (20 events):
Event: 28.548 Thread 0x000001b07e908fb0 nmethod 12900 0x000001b008342a90 code [0x000001b008342c20, 0x000001b008342d80]
Event: 28.574 Thread 0x000001b07e908fb0 12901       4       org.eclipse.jdt.core.Signature::checkName (102 bytes)
Event: 28.577 Thread 0x000001b07e908fb0 nmethod 12901 0x000001b008342e90 code [0x000001b008343020, 0x000001b0083431c8]
Event: 28.917 Thread 0x000001b07e913480 12902       3       org.eclipse.jdt.internal.core.search.indexing.AbstractIndexer::addAnnotationTypeDeclaration (51 bytes)
Event: 28.918 Thread 0x000001b07e913480 nmethod 12902 0x000001b001aa0910 code [0x000001b001aa0b40, 0x000001b001aa12e0]
Event: 29.073 Thread 0x000001b07e913480 12903       3       org.eclipse.jdt.internal.compiler.ast.Annotation::getRetentionPolicy (92 bytes)
Event: 29.074 Thread 0x000001b07e913480 nmethod 12903 0x000001b001aa1610 code [0x000001b001aa1820, 0x000001b001aa1d20]
Event: 29.378 Thread 0x000001b07e908fb0 12904 %     4       org.eclipse.jdt.internal.core.index.DiskIndex::computeDocumentNames @ 40 (607 bytes)
Event: 29.393 Thread 0x000001b07e908fb0 nmethod 12904% 0x000001b008343390 code [0x000001b0083435a0, 0x000001b008343fc0]
Event: 29.412 Thread 0x000001b07e908fb0 12905 %     4       org.eclipse.jdt.internal.core.index.DiskIndex::computeDocumentNames @ 152 (607 bytes)
Event: 29.436 Thread 0x000001b07e908fb0 nmethod 12905% 0x000001b008344710 code [0x000001b008344940, 0x000001b008345350]
Event: 29.436 Thread 0x000001b07e908fb0 12906       4       org.eclipse.jdt.internal.core.index.DiskIndex::writeAllDocumentNames (512 bytes)
Event: 29.542 Thread 0x000001b07e913480 12907   !   3       org.eclipse.jdt.internal.core.index.DiskIndex::mergeWith (623 bytes)
Event: 29.550 Thread 0x000001b07e913480 nmethod 12907 0x000001b001aa1e90 code [0x000001b001aa2720, 0x000001b001aa6cc0]
Event: 29.569 Thread 0x000001b07e908fb0 nmethod 12906 0x000001b008345a90 code [0x000001b008345e40, 0x000001b008348b20]
Event: 29.731 Thread 0x000001b07e913480 12908  s    3       org.eclipse.jdt.internal.core.search.processing.JobManager::currentJob (35 bytes)
Event: 29.738 Thread 0x000001b07e913480 nmethod 12908 0x000001b001aa9510 code [0x000001b001aa9700, 0x000001b001aa9c50]
Event: 30.337 Thread 0x000001b07e908fb0 12909 % !   4       org.eclipse.jdt.internal.core.index.DiskIndex::mergeWith @ 262 (623 bytes)
Event: 30.376 Thread 0x000001b07e908fb0 nmethod 12909% 0x000001b00834a810 code [0x000001b00834ab20, 0x000001b00834c830]
Event: 30.465 Thread 0x000001b07e908fb0 12910   !   4       org.eclipse.jdt.internal.core.index.DiskIndex::mergeWith (623 bytes)

GC Heap History (20 events):
Event: 30.348 GC heap before
{Heap before GC invocations=921 (full 3):
 PSYoungGen      total 2560K, used 2028K [0x00000000d5580000, 0x00000000d5980000, 0x0000000100000000)
  eden space 1024K, 82% used [0x00000000d5580000,0x00000000d5654628,0x00000000d5680000)
  from space 1536K, 76% used [0x00000000d5680000,0x00000000d57a6d50,0x00000000d5800000)
  to   space 1536K, 0% used [0x00000000d5800000,0x00000000d5800000,0x00000000d5980000)
 ParOldGen       total 706560K, used 706558K [0x0000000080000000, 0x00000000ab200000, 0x00000000d5580000)
  object space 706560K, 99% used [0x0000000080000000,0x00000000ab1ff890,0x00000000ab200000)
 Metaspace       used 68070K, committed 69632K, reserved 1114112K
  class space    used 7147K, committed 7808K, reserved 1048576K
}
Event: 30.351 GC heap after
{Heap after GC invocations=921 (full 3):
 PSYoungGen      total 2048K, used 931K [0x00000000d5580000, 0x00000000d5900000, 0x0000000100000000)
  eden space 1024K, 0% used [0x00000000d5580000,0x00000000d5580000,0x00000000d5680000)
  from space 1024K, 90% used [0x00000000d5800000,0x00000000d58e8f10,0x00000000d5900000)
  to   space 1024K, 0% used [0x00000000d5700000,0x00000000d5700000,0x00000000d5800000)
 ParOldGen       total 708096K, used 707586K [0x0000000080000000, 0x00000000ab380000, 0x00000000d5580000)
  object space 708096K, 99% used [0x0000000080000000,0x00000000ab300b00,0x00000000ab380000)
 Metaspace       used 68070K, committed 69632K, reserved 1114112K
  class space    used 7147K, committed 7808K, reserved 1048576K
}
Event: 30.378 GC heap before
{Heap before GC invocations=922 (full 3):
 PSYoungGen      total 2048K, used 1955K [0x00000000d5580000, 0x00000000d5900000, 0x0000000100000000)
  eden space 1024K, 100% used [0x00000000d5580000,0x00000000d5680000,0x00000000d5680000)
  from space 1024K, 90% used [0x00000000d5800000,0x00000000d58e8f10,0x00000000d5900000)
  to   space 1024K, 0% used [0x00000000d5700000,0x00000000d5700000,0x00000000d5800000)
 ParOldGen       total 709120K, used 708930K [0x0000000080000000, 0x00000000ab480000, 0x00000000d5580000)
  object space 709120K, 99% used [0x0000000080000000,0x00000000ab450b00,0x00000000ab480000)
 Metaspace       used 68070K, committed 69632K, reserved 1114112K
  class space    used 7147K, committed 7808K, reserved 1048576K
}
Event: 30.382 GC heap after
{Heap after GC invocations=922 (full 3):
 PSYoungGen      total 2048K, used 896K [0x00000000d5580000, 0x00000000d5880000, 0x0000000100000000)
  eden space 1024K, 0% used [0x00000000d5580000,0x00000000d5580000,0x00000000d5680000)
  from space 1024K, 87% used [0x00000000d5700000,0x00000000d57e0000,0x00000000d5800000)
  to   space 512K, 0% used [0x00000000d5800000,0x00000000d5800000,0x00000000d5880000)
 ParOldGen       total 710144K, used 710001K [0x0000000080000000, 0x00000000ab580000, 0x00000000d5580000)
  object space 710144K, 99% used [0x0000000080000000,0x00000000ab55c4b0,0x00000000ab580000)
 Metaspace       used 68070K, committed 69632K, reserved 1114112K
  class space    used 7147K, committed 7808K, reserved 1048576K
}
Event: 30.396 GC heap before
{Heap before GC invocations=923 (full 3):
 PSYoungGen      total 2048K, used 1920K [0x00000000d5580000, 0x00000000d5880000, 0x0000000100000000)
  eden space 1024K, 100% used [0x00000000d5580000,0x00000000d5680000,0x00000000d5680000)
  from space 1024K, 87% used [0x00000000d5700000,0x00000000d57e0000,0x00000000d5800000)
  to   space 512K, 0% used [0x00000000d5800000,0x00000000d5800000,0x00000000d5880000)
 ParOldGen       total 710144K, used 710001K [0x0000000080000000, 0x00000000ab580000, 0x00000000d5580000)
  object space 710144K, 99% used [0x0000000080000000,0x00000000ab55c4b0,0x00000000ab580000)
 Metaspace       used 68070K, committed 69632K, reserved 1114112K
  class space    used 7147K, committed 7808K, reserved 1048576K
}
Event: 30.399 GC heap after
{Heap after GC invocations=923 (full 3):
 PSYoungGen      total 1024K, used 512K [0x00000000d5580000, 0x00000000d5a80000, 0x0000000100000000)
  eden space 512K, 0% used [0x00000000d5580000,0x00000000d5580000,0x00000000d5600000)
  from space 512K, 100% used [0x00000000d5800000,0x00000000d5880000,0x00000000d5880000)
  to   space 2048K, 0% used [0x00000000d5600000,0x00000000d5600000,0x00000000d5800000)
 ParOldGen       total 711680K, used 711332K [0x0000000080000000, 0x00000000ab700000, 0x00000000d5580000)
  object space 711680K, 99% used [0x0000000080000000,0x00000000ab6a91d0,0x00000000ab700000)
 Metaspace       used 68070K, committed 69632K, reserved 1114112K
  class space    used 7147K, committed 7808K, reserved 1048576K
}
Event: 30.408 GC heap before
{Heap before GC invocations=924 (full 3):
 PSYoungGen      total 1024K, used 1023K [0x00000000d5580000, 0x00000000d5a80000, 0x0000000100000000)
  eden space 512K, 99% used [0x00000000d5580000,0x00000000d55ffff8,0x00000000d5600000)
  from space 512K, 100% used [0x00000000d5800000,0x00000000d5880000,0x00000000d5880000)
  to   space 2048K, 0% used [0x00000000d5600000,0x00000000d5600000,0x00000000d5800000)
 ParOldGen       total 711680K, used 711332K [0x0000000080000000, 0x00000000ab700000, 0x00000000d5580000)
  object space 711680K, 99% used [0x0000000080000000,0x00000000ab6a91d0,0x00000000ab700000)
 Metaspace       used 68070K, committed 69632K, reserved 1114112K
  class space    used 7147K, committed 7808K, reserved 1048576K
}
Event: 30.411 GC heap after
{Heap after GC invocations=924 (full 3):
 PSYoungGen      total 1536K, used 627K [0x00000000d5580000, 0x00000000d5900000, 0x0000000100000000)
  eden space 512K, 0% used [0x00000000d5580000,0x00000000d5580000,0x00000000d5600000)
  from space 1024K, 61% used [0x00000000d5600000,0x00000000d569cfd0,0x00000000d5700000)
  to   space 1536K, 0% used [0x00000000d5780000,0x00000000d5780000,0x00000000d5900000)
 ParOldGen       total 712192K, used 711863K [0x0000000080000000, 0x00000000ab780000, 0x00000000d5580000)
  object space 712192K, 99% used [0x0000000080000000,0x00000000ab72dc48,0x00000000ab780000)
 Metaspace       used 68070K, committed 69632K, reserved 1114112K
  class space    used 7147K, committed 7808K, reserved 1048576K
}
Event: 30.417 GC heap before
{Heap before GC invocations=925 (full 3):
 PSYoungGen      total 1536K, used 1139K [0x00000000d5580000, 0x00000000d5900000, 0x0000000100000000)
  eden space 512K, 100% used [0x00000000d5580000,0x00000000d5600000,0x00000000d5600000)
  from space 1024K, 61% used [0x00000000d5600000,0x00000000d569cfd0,0x00000000d5700000)
  to   space 1536K, 0% used [0x00000000d5780000,0x00000000d5780000,0x00000000d5900000)
 ParOldGen       total 712192K, used 711863K [0x0000000080000000, 0x00000000ab780000, 0x00000000d5580000)
  object space 712192K, 99% used [0x0000000080000000,0x00000000ab72dc48,0x00000000ab780000)
 Metaspace       used 68070K, committed 69632K, reserved 1114112K
  class space    used 7147K, committed 7808K, reserved 1048576K
}
Event: 30.420 GC heap after
{Heap after GC invocations=925 (full 3):
 PSYoungGen      total 2048K, used 663K [0x00000000d5580000, 0x00000000d5880000, 0x0000000100000000)
  eden space 1024K, 0% used [0x00000000d5580000,0x00000000d5580000,0x00000000d5680000)
  from space 1024K, 64% used [0x00000000d5780000,0x00000000d5825e90,0x00000000d5880000)
  to   space 1024K, 0% used [0x00000000d5680000,0x00000000d5680000,0x00000000d5780000)
 ParOldGen       total 712704K, used 712392K [0x0000000080000000, 0x00000000ab800000, 0x00000000d5580000)
  object space 712704K, 99% used [0x0000000080000000,0x00000000ab7b2168,0x00000000ab800000)
 Metaspace       used 68070K, committed 69632K, reserved 1114112K
  class space    used 7147K, committed 7808K, reserved 1048576K
}
Event: 30.437 GC heap before
{Heap before GC invocations=926 (full 3):
 PSYoungGen      total 2048K, used 1687K [0x00000000d5580000, 0x00000000d5880000, 0x0000000100000000)
  eden space 1024K, 100% used [0x00000000d5580000,0x00000000d5680000,0x00000000d5680000)
  from space 1024K, 64% used [0x00000000d5780000,0x00000000d5825e90,0x00000000d5880000)
  to   space 1024K, 0% used [0x00000000d5680000,0x00000000d5680000,0x00000000d5780000)
 ParOldGen       total 712704K, used 712392K [0x0000000080000000, 0x00000000ab800000, 0x00000000d5580000)
  object space 712704K, 99% used [0x0000000080000000,0x00000000ab7b2168,0x00000000ab800000)
 Metaspace       used 68070K, committed 69632K, reserved 1114112K
  class space    used 7147K, committed 7808K, reserved 1048576K
}
Event: 30.442 GC heap after
{Heap after GC invocations=926 (full 3):
 PSYoungGen      total 2048K, used 1019K [0x00000000d5580000, 0x00000000d5b00000, 0x0000000100000000)
  eden space 1024K, 0% used [0x00000000d5580000,0x00000000d5580000,0x00000000d5680000)
  from space 1024K, 99% used [0x00000000d5680000,0x00000000d577ef70,0x00000000d5780000)
  to   space 2048K, 0% used [0x00000000d5900000,0x00000000d5900000,0x00000000d5b00000)
 ParOldGen       total 713216K, used 712943K [0x0000000080000000, 0x00000000ab880000, 0x00000000d5580000)
  object space 713216K, 99% used [0x0000000080000000,0x00000000ab83bf98,0x00000000ab880000)
 Metaspace       used 68070K, committed 69632K, reserved 1114112K
  class space    used 7147K, committed 7808K, reserved 1048576K
}
Event: 30.451 GC heap before
{Heap before GC invocations=927 (full 3):
 PSYoungGen      total 2048K, used 1851K [0x00000000d5580000, 0x00000000d5b00000, 0x0000000100000000)
  eden space 1024K, 81% used [0x00000000d5580000,0x00000000d564ff50,0x00000000d5680000)
  from space 1024K, 99% used [0x00000000d5680000,0x00000000d577ef70,0x00000000d5780000)
  to   space 2048K, 0% used [0x00000000d5900000,0x00000000d5900000,0x00000000d5b00000)
 ParOldGen       total 713216K, used 712943K [0x0000000080000000, 0x00000000ab880000, 0x00000000d5580000)
  object space 713216K, 99% used [0x0000000080000000,0x00000000ab83bf98,0x00000000ab880000)
 Metaspace       used 68070K, committed 69632K, reserved 1114112K
  class space    used 7147K, committed 7808K, reserved 1048576K
}
Event: 30.454 GC heap after
{Heap after GC invocations=927 (full 3):
 PSYoungGen      total 2560K, used 963K [0x00000000d5580000, 0x00000000d5a00000, 0x0000000100000000)
  eden space 1536K, 0% used [0x00000000d5580000,0x00000000d5580000,0x00000000d5700000)
  from space 1024K, 94% used [0x00000000d5900000,0x00000000d59f0fd0,0x00000000d5a00000)
  to   space 1536K, 0% used [0x00000000d5700000,0x00000000d5700000,0x00000000d5880000)
 ParOldGen       total 714240K, used 713974K [0x0000000080000000, 0x00000000ab980000, 0x00000000d5580000)
  object space 714240K, 99% used [0x0000000080000000,0x00000000ab93d948,0x00000000ab980000)
 Metaspace       used 68070K, committed 69632K, reserved 1114112K
  class space    used 7147K, committed 7808K, reserved 1048576K
}
Event: 30.474 GC heap before
{Heap before GC invocations=928 (full 3):
 PSYoungGen      total 2560K, used 2377K [0x00000000d5580000, 0x00000000d5a00000, 0x0000000100000000)
  eden space 1536K, 92% used [0x00000000d5580000,0x00000000d56e1638,0x00000000d5700000)
  from space 1024K, 94% used [0x00000000d5900000,0x00000000d59f0fd0,0x00000000d5a00000)
  to   space 1536K, 0% used [0x00000000d5700000,0x00000000d5700000,0x00000000d5880000)
 ParOldGen       total 714240K, used 713974K [0x0000000080000000, 0x00000000ab980000, 0x00000000d5580000)
  object space 714240K, 99% used [0x0000000080000000,0x00000000ab93d948,0x00000000ab980000)
 Metaspace       used 68070K, committed 69632K, reserved 1114112K
  class space    used 7147K, committed 7808K, reserved 1048576K
}
Event: 30.477 GC heap after
{Heap after GC invocations=928 (full 3):
 PSYoungGen      total 3072K, used 1535K [0x00000000d5580000, 0x00000000d5a00000, 0x0000000100000000)
  eden space 1536K, 0% used [0x00000000d5580000,0x00000000d5580000,0x00000000d5700000)
  from space 1536K, 99% used [0x00000000d5700000,0x00000000d587fcf8,0x00000000d5880000)
  to   space 1024K, 0% used [0x00000000d5900000,0x00000000d5900000,0x00000000d5a00000)
 ParOldGen       total 715264K, used 714827K [0x0000000080000000, 0x00000000aba80000, 0x00000000d5580000)
  object space 715264K, 99% used [0x0000000080000000,0x00000000aba12e60,0x00000000aba80000)
 Metaspace       used 68070K, committed 69632K, reserved 1114112K
  class space    used 7147K, committed 7808K, reserved 1048576K
}
Event: 30.510 GC heap before
{Heap before GC invocations=929 (full 3):
 PSYoungGen      total 3072K, used 3071K [0x00000000d5580000, 0x00000000d5a00000, 0x0000000100000000)
  eden space 1536K, 100% used [0x00000000d5580000,0x00000000d5700000,0x00000000d5700000)
  from space 1536K, 99% used [0x00000000d5700000,0x00000000d587fcf8,0x00000000d5880000)
  to   space 1024K, 0% used [0x00000000d5900000,0x00000000d5900000,0x00000000d5a00000)
 ParOldGen       total 715264K, used 714827K [0x0000000080000000, 0x00000000aba80000, 0x00000000d5580000)
  object space 715264K, 99% used [0x0000000080000000,0x00000000aba12e60,0x00000000aba80000)
 Metaspace       used 68070K, committed 69632K, reserved 1114112K
  class space    used 7147K, committed 7808K, reserved 1048576K
}
Event: 30.513 GC heap after
{Heap after GC invocations=929 (full 3):
 PSYoungGen      total 2560K, used 1024K [0x00000000d5580000, 0x00000000d5a00000, 0x0000000100000000)
  eden space 1536K, 0% used [0x00000000d5580000,0x00000000d5580000,0x00000000d5700000)
  from space 1024K, 100% used [0x00000000d5900000,0x00000000d5a00000,0x00000000d5a00000)
  to   space 1536K, 0% used [0x00000000d5700000,0x00000000d5700000,0x00000000d5880000)
 ParOldGen       total 716800K, used 716725K [0x0000000080000000, 0x00000000abc00000, 0x00000000d5580000)
  object space 716800K, 99% used [0x0000000080000000,0x00000000abbed758,0x00000000abc00000)
 Metaspace       used 68070K, committed 69632K, reserved 1114112K
  class space    used 7147K, committed 7808K, reserved 1048576K
}
Event: 30.540 GC heap before
{Heap before GC invocations=930 (full 3):
 PSYoungGen      total 2560K, used 2560K [0x00000000d5580000, 0x00000000d5a00000, 0x0000000100000000)
  eden space 1536K, 100% used [0x00000000d5580000,0x00000000d5700000,0x00000000d5700000)
  from space 1024K, 100% used [0x00000000d5900000,0x00000000d5a00000,0x00000000d5a00000)
  to   space 1536K, 0% used [0x00000000d5700000,0x00000000d5700000,0x00000000d5880000)
 ParOldGen       total 716800K, used 716725K [0x0000000080000000, 0x00000000abc00000, 0x00000000d5580000)
  object space 716800K, 99% used [0x0000000080000000,0x00000000abbed758,0x00000000abc00000)
 Metaspace       used 68070K, committed 69632K, reserved 1114112K
  class space    used 7147K, committed 7808K, reserved 1048576K
}
Event: 30.545 GC heap after
{Heap after GC invocations=930 (full 3):
 PSYoungGen      total 3072K, used 1511K [0x00000000d5580000, 0x00000000d5a00000, 0x0000000100000000)
  eden space 1536K, 0% used [0x00000000d5580000,0x00000000d5580000,0x00000000d5700000)
  from space 1536K, 98% used [0x00000000d5700000,0x00000000d5879fa0,0x00000000d5880000)
  to   space 1024K, 0% used [0x00000000d5900000,0x00000000d5900000,0x00000000d5a00000)
 ParOldGen       total 718336K, used 717825K [0x0000000080000000, 0x00000000abd80000, 0x00000000d5580000)
  object space 718336K, 99% used [0x0000000080000000,0x00000000abd00750,0x00000000abd80000)
 Metaspace       used 68070K, committed 69632K, reserved 1114112K
  class space    used 7147K, committed 7808K, reserved 1048576K
}

Dll operation events (10 events):
Event: 0.025 Loaded shared library c:\Users\HP\.vscode\extensions\redhat.java-1.47.0-win32-x64\jre\21.0.8-win32-x86_64\bin\java.dll
Event: 0.174 Loaded shared library c:\Users\HP\.vscode\extensions\redhat.java-1.47.0-win32-x64\jre\21.0.8-win32-x86_64\bin\zip.dll
Event: 0.212 Loaded shared library C:\Users\HP\.vscode\extensions\redhat.java-1.47.0-win32-x64\jre\21.0.8-win32-x86_64\bin\instrument.dll
Event: 0.224 Loaded shared library C:\Users\HP\.vscode\extensions\redhat.java-1.47.0-win32-x64\jre\21.0.8-win32-x86_64\bin\net.dll
Event: 0.230 Loaded shared library C:\Users\HP\.vscode\extensions\redhat.java-1.47.0-win32-x64\jre\21.0.8-win32-x86_64\bin\nio.dll
Event: 0.241 Loaded shared library C:\Users\HP\.vscode\extensions\redhat.java-1.47.0-win32-x64\jre\21.0.8-win32-x86_64\bin\zip.dll
Event: 0.278 Loaded shared library C:\Users\HP\.vscode\extensions\redhat.java-1.47.0-win32-x64\jre\21.0.8-win32-x86_64\bin\jimage.dll
Event: 0.431 Loaded shared library c:\Users\HP\.vscode\extensions\redhat.java-1.47.0-win32-x64\jre\21.0.8-win32-x86_64\bin\verify.dll
Event: 2.867 Loaded shared library C:\Users\HP\AppData\Roaming\Code\User\globalStorage\redhat.java\1.47.0\config_win\org.eclipse.equinox.launcher\org.eclipse.equinox.launcher.win32.win32.x86_64_1.2.1400.v20250801-0854\eclipse_11916.dll
Event: 5.022 Loaded shared library C:\Users\HP\AppData\Local\Temp\jna--737292628\jna12511163582490890011.dll

Deoptimization events (20 events):
Event: 26.152 Thread 0x000001b057c82f80 DEOPT PACKING pc=0x000001b007e84b88 sp=0x00000081897fe250
Event: 26.152 Thread 0x000001b057c82f80 DEOPT UNPACKING pc=0x000001b007586da2 sp=0x00000081897fe1e0 mode 2
Event: 26.154 Thread 0x000001b055947510 Uncommon trap: trap_request=0xffffffc6 fr.pc=0x000001b0082fd6ac relative=0x0000000000000c0c
Event: 26.154 Thread 0x000001b055947510 Uncommon trap: reason=bimorphic_or_optimized_type_check action=maybe_recompile pc=0x000001b0082fd6ac method=org.eclipse.jdt.internal.compiler.util.SimpleLookupTable.put(Ljava/lang/Object;Ljava/lang/Object;)Ljava/lang/Object; @ 23 c2
Event: 26.154 Thread 0x000001b055947510 DEOPT PACKING pc=0x000001b0082fd6ac sp=0x00000081883fe980
Event: 26.154 Thread 0x000001b055947510 DEOPT UNPACKING pc=0x000001b007586da2 sp=0x00000081883fe8a8 mode 2
Event: 26.175 Thread 0x000001b055946e80 Uncommon trap: trap_request=0xffffff45 fr.pc=0x000001b007ea8be4 relative=0x0000000000000e84
Event: 26.175 Thread 0x000001b055946e80 Uncommon trap: reason=unstable_if action=reinterpret pc=0x000001b007ea8be4 method=org.eclipse.jdt.internal.core.search.indexing.BinaryContainer.isValidPackageNameForClassOrisModule(Ljava/lang/String;)Z @ 41 c2
Event: 26.175 Thread 0x000001b055946e80 DEOPT PACKING pc=0x000001b007ea8be4 sp=0x00000081886feb60
Event: 26.175 Thread 0x000001b055946e80 DEOPT UNPACKING pc=0x000001b007586da2 sp=0x00000081886feb40 mode 2
Event: 27.400 Thread 0x000001b055946e80 DEOPT PACKING pc=0x000001b0019a73e9 sp=0x00000081886fec90
Event: 27.400 Thread 0x000001b055946e80 DEOPT UNPACKING pc=0x000001b0075878e2 sp=0x00000081886fe1c0 mode 0
Event: 29.428 Thread 0x000001b055946e80 DEOPT PACKING pc=0x000001b001933afe sp=0x00000081886fec40
Event: 29.428 Thread 0x000001b055946e80 DEOPT UNPACKING pc=0x000001b0075878e2 sp=0x00000081886fe138 mode 0
Event: 29.436 Thread 0x000001b055946e80 Uncommon trap: trap_request=0xffffff45 fr.pc=0x000001b008230a04 relative=0x0000000000001e84
Event: 29.436 Thread 0x000001b055946e80 Uncommon trap: reason=unstable_if action=reinterpret pc=0x000001b008230a04 method=org.eclipse.jdt.internal.core.index.DiskIndex.writeStreamChars(Ljava/io/OutputStream;[C)V @ 9 c2
Event: 29.436 Thread 0x000001b055946e80 DEOPT PACKING pc=0x000001b008230a04 sp=0x00000081886feca0
Event: 29.436 Thread 0x000001b055946e80 DEOPT UNPACKING pc=0x000001b007586da2 sp=0x00000081886feba8 mode 2
Event: 30.465 Thread 0x000001b055946e80 DEOPT PACKING pc=0x000001b00198b22f sp=0x00000081886feaf0
Event: 30.465 Thread 0x000001b055946e80 DEOPT UNPACKING pc=0x000001b0075878e2 sp=0x00000081886fe218 mode 0

Classes loaded (20 events):
Event: 17.228 Loading class com/sun/org/apache/xerces/internal/xni/parser/XMLParseException
Event: 17.229 Loading class com/sun/org/apache/xerces/internal/xni/parser/XMLParseException done
Event: 17.968 Loading class java/nio/file/Files$2
Event: 17.968 Loading class java/nio/file/Files$2 done
Event: 18.018 Loading class java/util/concurrent/ArrayBlockingQueue
Event: 18.019 Loading class java/util/concurrent/ArrayBlockingQueue done
Event: 18.149 Loading class java/util/concurrent/ConcurrentHashMap$KeySpliterator
Event: 18.150 Loading class java/util/concurrent/ConcurrentHashMap$KeySpliterator done
Event: 19.609 Loading class sun/nio/fs/WindowsFileCopy
Event: 19.610 Loading class sun/nio/fs/WindowsFileCopy done
Event: 19.617 Loading class java/nio/file/attribute/PosixFileAttributes
Event: 19.618 Loading class java/nio/file/attribute/PosixFileAttributes done
Event: 19.748 Loading class java/lang/StackStreamFactory$CallerClassFinder
Event: 19.749 Loading class java/lang/StackStreamFactory$CallerClassFinder done
Event: 19.749 Loading class java/lang/StackStreamFactory$CallerClassFinder$ClassBuffer
Event: 19.749 Loading class java/lang/StackStreamFactory$CallerClassFinder$ClassBuffer done
Event: 19.939 Loading class java/lang/Throwable$WrappedPrintWriter
Event: 19.940 Loading class java/lang/Throwable$PrintStreamOrWriter
Event: 19.940 Loading class java/lang/Throwable$PrintStreamOrWriter done
Event: 19.940 Loading class java/lang/Throwable$WrappedPrintWriter done

Classes unloaded (9 events):
Event: 5.642 Thread 0x000001b07e8e2850 Unloading class 0x000001b0101aac00 'java/lang/invoke/LambdaForm$MH+0x000001b0101aac00'
Event: 5.642 Thread 0x000001b07e8e2850 Unloading class 0x000001b0101aa800 'java/lang/invoke/LambdaForm$MH+0x000001b0101aa800'
Event: 5.642 Thread 0x000001b07e8e2850 Unloading class 0x000001b0101aa400 'java/lang/invoke/LambdaForm$MH+0x000001b0101aa400'
Event: 5.642 Thread 0x000001b07e8e2850 Unloading class 0x000001b0101aa000 'java/lang/invoke/LambdaForm$MH+0x000001b0101aa000'
Event: 5.642 Thread 0x000001b07e8e2850 Unloading class 0x000001b0101a9c00 'java/lang/invoke/LambdaForm$BMH+0x000001b0101a9c00'
Event: 5.642 Thread 0x000001b07e8e2850 Unloading class 0x000001b0101a9800 'java/lang/invoke/LambdaForm$DMH+0x000001b0101a9800'
Event: 5.642 Thread 0x000001b07e8e2850 Unloading class 0x000001b0101a8400 'java/lang/invoke/LambdaForm$DMH+0x000001b0101a8400'
Event: 14.609 Thread 0x000001b07e8e2850 Unloading class 0x000001b0106c4c00 'java/lang/invoke/LambdaForm$DMH+0x000001b0106c4c00'
Event: 14.609 Thread 0x000001b07e8e2850 Unloading class 0x000001b0106c4800 'java/lang/invoke/LambdaForm$DMH+0x000001b0106c4800'

Classes redefined (0 events):
No events

Internal exceptions (20 events):
Event: 21.779 Thread 0x000001b055945ad0 Exception <a 'java/lang/NullPointerException'{0x00000000d55def80}> (0x00000000d55def80) 
thrown [s\src\hotspot\share\runtime\sharedRuntime.cpp, line 625]
Event: 21.779 Thread 0x000001b055945ad0 Implicit null exception at 0x000001b00130da21 to 0x000001b00130dc1d
Event: 21.779 Thread 0x000001b055945ad0 Exception <a 'java/lang/NullPointerException'{0x00000000d55df600}> (0x00000000d55df600) 
thrown [s\src\hotspot\share\runtime\sharedRuntime.cpp, line 625]
Event: 21.779 Thread 0x000001b055945ad0 Implicit null exception at 0x000001b00130da21 to 0x000001b00130dc1d
Event: 21.779 Thread 0x000001b055945ad0 Exception <a 'java/lang/NullPointerException'{0x00000000d55dffe8}> (0x00000000d55dffe8) 
thrown [s\src\hotspot\share\runtime\sharedRuntime.cpp, line 625]
Event: 21.779 Thread 0x000001b055945ad0 Implicit null exception at 0x000001b00130da21 to 0x000001b00130dc1d
Event: 21.779 Thread 0x000001b055945ad0 Exception <a 'java/lang/NullPointerException'{0x00000000d55e0790}> (0x00000000d55e0790) 
thrown [s\src\hotspot\share\runtime\sharedRuntime.cpp, line 625]
Event: 21.779 Thread 0x000001b055945ad0 Implicit null exception at 0x000001b00130da21 to 0x000001b00130dc1d
Event: 21.779 Thread 0x000001b055945ad0 Exception <a 'java/lang/NullPointerException'{0x00000000d55e0f38}> (0x00000000d55e0f38) 
thrown [s\src\hotspot\share\runtime\sharedRuntime.cpp, line 625]
Event: 21.780 Thread 0x000001b055945ad0 Implicit null exception at 0x000001b00130da21 to 0x000001b00130dc1d
Event: 21.780 Thread 0x000001b055945ad0 Exception <a 'java/lang/NullPointerException'{0x00000000d55e3c98}> (0x00000000d55e3c98) 
thrown [s\src\hotspot\share\runtime\sharedRuntime.cpp, line 625]
Event: 21.780 Thread 0x000001b055945ad0 Implicit null exception at 0x000001b00130da21 to 0x000001b00130dc1d
Event: 21.780 Thread 0x000001b055945ad0 Exception <a 'java/lang/NullPointerException'{0x00000000d55e4338}> (0x00000000d55e4338) 
thrown [s\src\hotspot\share\runtime\sharedRuntime.cpp, line 625]
Event: 21.780 Thread 0x000001b055945ad0 Implicit null exception at 0x000001b00130da21 to 0x000001b00130dc1d
Event: 21.781 Thread 0x000001b055945ad0 Exception <a 'java/lang/NullPointerException'{0x00000000d55e49d8}> (0x00000000d55e49d8) 
thrown [s\src\hotspot\share\runtime\sharedRuntime.cpp, line 625]
Event: 21.803 Thread 0x000001b055945ad0 Implicit null exception at 0x000001b00130da21 to 0x000001b00130dc1d
Event: 21.803 Thread 0x000001b055945ad0 Exception <a 'java/lang/NullPointerException'{0x00000000d57abed8}> (0x00000000d57abed8) 
thrown [s\src\hotspot\share\runtime\sharedRuntime.cpp, line 625]
Event: 21.803 Thread 0x000001b055945ad0 Implicit null exception at 0x000001b00130da21 to 0x000001b00130dc1d
Event: 21.803 Thread 0x000001b055945ad0 Exception <a 'java/lang/NullPointerException'{0x00000000d57b6390}> (0x00000000d57b6390) 
thrown [s\src\hotspot\share\runtime\sharedRuntime.cpp, line 625]
Event: 26.175 Thread 0x000001b055946e80 Implicit null exception at 0x000001b007ea83d3 to 0x000001b007ea8bd0

ZGC Phase Switch (0 events):
No events

VM Operations (20 events):
Event: 30.348 Executing VM operation: ParallelGCFailedAllocation (Allocation Failure)
Event: 30.351 Executing VM operation: ParallelGCFailedAllocation (Allocation Failure) done
Event: 30.378 Executing VM operation: ParallelGCFailedAllocation (Allocation Failure)
Event: 30.382 Executing VM operation: ParallelGCFailedAllocation (Allocation Failure) done
Event: 30.396 Executing VM operation: ParallelGCFailedAllocation (Allocation Failure)
Event: 30.399 Executing VM operation: ParallelGCFailedAllocation (Allocation Failure) done
Event: 30.408 Executing VM operation: ParallelGCFailedAllocation (Allocation Failure)
Event: 30.411 Executing VM operation: ParallelGCFailedAllocation (Allocation Failure) done
Event: 30.417 Executing VM operation: ParallelGCFailedAllocation (Allocation Failure)
Event: 30.420 Executing VM operation: ParallelGCFailedAllocation (Allocation Failure) done
Event: 30.437 Executing VM operation: ParallelGCFailedAllocation (Allocation Failure)
Event: 30.442 Executing VM operation: ParallelGCFailedAllocation (Allocation Failure) done
Event: 30.451 Executing VM operation: ParallelGCFailedAllocation (Allocation Failure)
Event: 30.454 Executing VM operation: ParallelGCFailedAllocation (Allocation Failure) done
Event: 30.474 Executing VM operation: ParallelGCFailedAllocation (Allocation Failure)
Event: 30.477 Executing VM operation: ParallelGCFailedAllocation (Allocation Failure) done
Event: 30.510 Executing VM operation: ParallelGCFailedAllocation (Allocation Failure)
Event: 30.513 Executing VM operation: ParallelGCFailedAllocation (Allocation Failure) done
Event: 30.540 Executing VM operation: ParallelGCFailedAllocation (Allocation Failure)
Event: 30.545 Executing VM operation: ParallelGCFailedAllocation (Allocation Failure) done

Memory protections (0 events):
No events

Nmethod flushes (20 events):
Event: 14.632 Thread 0x000001b07e8e2850 flushing  nmethod 0x000001b00079e590
Event: 14.632 Thread 0x000001b07e8e2850 flushing  nmethod 0x000001b0007b8990
Event: 14.632 Thread 0x000001b07e8e2850 flushing  nmethod 0x000001b0007c0910
Event: 14.632 Thread 0x000001b07e8e2850 flushing osr nmethod 0x000001b000803e90
Event: 14.632 Thread 0x000001b07e8e2850 flushing  nmethod 0x000001b00080cc10
Event: 14.632 Thread 0x000001b07e8e2850 flushing  nmethod 0x000001b00082bf10
Event: 14.632 Thread 0x000001b07e8e2850 flushing  nmethod 0x000001b00082ce90
Event: 14.632 Thread 0x000001b07e8e2850 flushing  nmethod 0x000001b00082d410
Event: 14.632 Thread 0x000001b07e8e2850 flushing  nmethod 0x000001b000843e90
Event: 14.632 Thread 0x000001b07e8e2850 flushing  nmethod 0x000001b000845290
Event: 14.632 Thread 0x000001b07e8e2850 flushing  nmethod 0x000001b000845890
Event: 14.632 Thread 0x000001b07e8e2850 flushing  nmethod 0x000001b000849990
Event: 14.632 Thread 0x000001b07e8e2850 flushing  nmethod 0x000001b00084a490
Event: 14.632 Thread 0x000001b07e8e2850 flushing  nmethod 0x000001b00084a810
Event: 14.632 Thread 0x000001b07e8e2850 flushing  nmethod 0x000001b00084c610
Event: 14.632 Thread 0x000001b07e8e2850 flushing  nmethod 0x000001b000857f90
Event: 14.632 Thread 0x000001b07e8e2850 flushing  nmethod 0x000001b000866090
Event: 14.632 Thread 0x000001b07e8e2850 flushing  nmethod 0x000001b00086fb10
Event: 14.632 Thread 0x000001b07e8e2850 flushing  nmethod 0x000001b0008c4890
Event: 14.632 Thread 0x000001b07e8e2850 flushing  nmethod 0x000001b000909e90

Events (20 events):
Event: 17.809 Thread 0x000001b057c849c0 Thread added: 0x000001b058d0a370
Event: 17.809 Thread 0x000001b058d061d0 Thread added: 0x000001b058d06860
Event: 17.810 Thread 0x000001b058d0a370 Thread added: 0x000001b058d07c10
Event: 17.810 Thread 0x000001b057c849c0 Thread added: 0x000001b058d054b0
Event: 18.020 Thread 0x000001b057c849c0 Thread added: 0x000001b058d082a0
Event: 18.163 Thread 0x000001b057c849c0 Thread added: 0x000001b058d06ef0
Event: 18.182 Thread 0x000001b057c849c0 Thread added: 0x000001b058d08930
Event: 18.341 Thread 0x000001b057c849c0 Thread added: 0x000001b058d0b720
Event: 18.341 Thread 0x000001b057c849c0 Thread added: 0x000001b05d7961f0
Event: 18.500 Thread 0x000001b057c849c0 Thread added: 0x000001b05d7954d0
Event: 18.501 Thread 0x000001b057c849c0 Thread added: 0x000001b05d793400
Event: 20.208 Thread 0x000001b0578d6010 Thread exited: 0x000001b0578d6010
Event: 20.828 Thread 0x000001b055da9670 Thread exited: 0x000001b055da9670
Event: 20.860 Thread 0x000001b07e908fb0 Thread added: 0x000001b057f9ab10
Event: 20.886 Thread 0x000001b07e913480 Thread added: 0x000001b057f9cd20
Event: 20.914 Thread 0x000001b057c83610 Thread added: 0x000001b05d796f10
Event: 23.507 Thread 0x000001b057f9cd20 Thread exited: 0x000001b057f9cd20
Event: 24.904 Thread 0x000001b057f9ab10 Thread exited: 0x000001b057f9ab10
Event: 26.137 Thread 0x000001b07e913480 Thread added: 0x000001b057f9b8b0
Event: 26.432 Thread 0x000001b057f9b8b0 Thread exited: 0x000001b057f9b8b0


Dynamic libraries:
0x00007ff7a6010000 - 0x00007ff7a601e000 	c:\Users\HP\.vscode\extensions\redhat.java-1.47.0-win32-x64\jre\21.0.8-win32-x86_64\bin\java.exe
0x00007ffbcb6d0000 - 0x00007ffbcb8e7000 	C:\WINDOWS\SYSTEM32\ntdll.dll
0x00007ffbcac80000 - 0x00007ffbcad44000 	C:\WINDOWS\System32\KERNEL32.DLL
0x00007ffbc8cb0000 - 0x00007ffbc905d000 	C:\WINDOWS\System32\KERNELBASE.dll
0x00007ffbc9270000 - 0x00007ffbc9381000 	C:\WINDOWS\System32\ucrtbase.dll
0x00007ffb90290000 - 0x00007ffb902a8000 	c:\Users\HP\.vscode\extensions\redhat.java-1.47.0-win32-x64\jre\21.0.8-win32-x86_64\bin\jli.dll
0x00007ffbc9490000 - 0x00007ffbc963e000 	C:\WINDOWS\System32\USER32.dll
0x00007ffbc89f0000 - 0x00007ffbc8a16000 	C:\WINDOWS\System32\win32u.dll
0x00007ffbc9460000 - 0x00007ffbc9489000 	C:\WINDOWS\System32\GDI32.dll
0x00007ffbc9060000 - 0x00007ffbc9179000 	C:\WINDOWS\System32\gdi32full.dll
0x00007ffbc8a20000 - 0x00007ffbc8aba000 	C:\WINDOWS\System32\msvcp_win.dll
0x00007ffb910c0000 - 0x00007ffb910de000 	c:\Users\HP\.vscode\extensions\redhat.java-1.47.0-win32-x64\jre\21.0.8-win32-x86_64\bin\VCRUNTIME140.dll
0x00007ffb98e30000 - 0x00007ffb990c3000 	C:\WINDOWS\WinSxS\amd64_microsoft.windows.common-controls_6595b64144ccf1df_6.0.22621.3672_none_2713b9d173822955\COMCTL32.dll
0x00007ffbca550000 - 0x00007ffbca5f7000 	C:\WINDOWS\System32\msvcrt.dll
0x00007ffbca820000 - 0x00007ffbca851000 	C:\WINDOWS\System32\IMM32.DLL
0x00007ffbc2140000 - 0x00007ffbc214c000 	c:\Users\HP\.vscode\extensions\redhat.java-1.47.0-win32-x64\jre\21.0.8-win32-x86_64\bin\vcruntime140_1.dll
0x00007ffb3e8a0000 - 0x00007ffb3e92d000 	c:\Users\HP\.vscode\extensions\redhat.java-1.47.0-win32-x64\jre\21.0.8-win32-x86_64\bin\msvcp140.dll
0x00007ffaf23e0000 - 0x00007ffaf3177000 	c:\Users\HP\.vscode\extensions\redhat.java-1.47.0-win32-x64\jre\21.0.8-win32-x86_64\bin\server\jvm.dll
0x00007ffbcaf30000 - 0x00007ffbcafe2000 	C:\WINDOWS\System32\ADVAPI32.dll
0x00007ffbcad50000 - 0x00007ffbcadf9000 	C:\WINDOWS\System32\sechost.dll
0x00007ffbc9180000 - 0x00007ffbc91a8000 	C:\WINDOWS\System32\bcrypt.dll
0x00007ffbcab60000 - 0x00007ffbcac74000 	C:\WINDOWS\System32\RPCRT4.dll
0x00007ffbca620000 - 0x00007ffbca691000 	C:\WINDOWS\System32\WS2_32.dll
0x00007ffbc88b0000 - 0x00007ffbc88fd000 	C:\WINDOWS\SYSTEM32\POWRPROF.dll
0x00007ffbc2f60000 - 0x00007ffbc2f94000 	C:\WINDOWS\SYSTEM32\WINMM.dll
0x00007ffbc03d0000 - 0x00007ffbc03da000 	C:\WINDOWS\SYSTEM32\VERSION.dll
0x00007ffbc8890000 - 0x00007ffbc88a3000 	C:\WINDOWS\SYSTEM32\UMPDC.dll
0x00007ffbc79e0000 - 0x00007ffbc79f8000 	C:\WINDOWS\SYSTEM32\kernel.appcore.dll
0x00007ffb98360000 - 0x00007ffb9836a000 	c:\Users\HP\.vscode\extensions\redhat.java-1.47.0-win32-x64\jre\21.0.8-win32-x86_64\bin\jimage.dll
0x00007ffbc6200000 - 0x00007ffbc6432000 	C:\WINDOWS\SYSTEM32\DBGHELP.DLL
0x00007ffbc9950000 - 0x00007ffbc9cdd000 	C:\WINDOWS\System32\combase.dll
0x00007ffbca860000 - 0x00007ffbca937000 	C:\WINDOWS\System32\OLEAUT32.dll
0x00007ffbac490000 - 0x00007ffbac4c2000 	C:\WINDOWS\SYSTEM32\dbgcore.DLL
0x00007ffbc8ac0000 - 0x00007ffbc8b3b000 	C:\WINDOWS\System32\bcryptPrimitives.dll
0x00007ffb982f0000 - 0x00007ffb982ff000 	c:\Users\HP\.vscode\extensions\redhat.java-1.47.0-win32-x64\jre\21.0.8-win32-x86_64\bin\instrument.dll
0x00007ffb8fec0000 - 0x00007ffb8fedf000 	c:\Users\HP\.vscode\extensions\redhat.java-1.47.0-win32-x64\jre\21.0.8-win32-x86_64\bin\java.dll
0x00007ffbc9ce0000 - 0x00007ffbca548000 	C:\WINDOWS\System32\SHELL32.dll
0x00007ffbc68f0000 - 0x00007ffbc71ee000 	C:\WINDOWS\SYSTEM32\windows.storage.dll
0x00007ffbc67b0000 - 0x00007ffbc68ef000 	C:\WINDOWS\SYSTEM32\wintypes.dll
0x00007ffbc9840000 - 0x00007ffbc9939000 	C:\WINDOWS\System32\SHCORE.dll
0x00007ffbcaff0000 - 0x00007ffbcb04e000 	C:\WINDOWS\System32\shlwapi.dll
0x00007ffbc8920000 - 0x00007ffbc8941000 	C:\WINDOWS\SYSTEM32\profapi.dll
0x00007ffb8fca0000 - 0x00007ffb8fcb8000 	c:\Users\HP\.vscode\extensions\redhat.java-1.47.0-win32-x64\jre\21.0.8-win32-x86_64\bin\zip.dll
0x00007ffb98290000 - 0x00007ffb982a0000 	C:\Users\HP\.vscode\extensions\redhat.java-1.47.0-win32-x64\jre\21.0.8-win32-x86_64\bin\net.dll
0x00007ffbc4350000 - 0x00007ffbc4486000 	C:\WINDOWS\SYSTEM32\WINHTTP.dll
0x00007ffbc7e50000 - 0x00007ffbc7eb9000 	C:\WINDOWS\system32\mswsock.dll
0x00007ffb8ae80000 - 0x00007ffb8ae96000 	C:\Users\HP\.vscode\extensions\redhat.java-1.47.0-win32-x64\jre\21.0.8-win32-x86_64\bin\nio.dll
0x00007ffb91340000 - 0x00007ffb91350000 	c:\Users\HP\.vscode\extensions\redhat.java-1.47.0-win32-x64\jre\21.0.8-win32-x86_64\bin\verify.dll
0x00007ffb71ee0000 - 0x00007ffb71f24000 	C:\Users\HP\AppData\Roaming\Code\User\globalStorage\redhat.java\1.47.0\config_win\org.eclipse.equinox.launcher\org.eclipse.equinox.launcher.win32.win32.x86_64_1.2.1400.v20250801-0854\eclipse_11916.dll
0x00007ffbc9690000 - 0x00007ffbc9835000 	C:\WINDOWS\System32\ole32.dll
0x00007ffbc80d0000 - 0x00007ffbc80eb000 	C:\WINDOWS\SYSTEM32\CRYPTSP.dll
0x00007ffbc7940000 - 0x00007ffbc7975000 	C:\WINDOWS\system32\rsaenh.dll
0x00007ffbc7f30000 - 0x00007ffbc7f58000 	C:\WINDOWS\SYSTEM32\USERENV.dll
0x00007ffbc80f0000 - 0x00007ffbc80fc000 	C:\WINDOWS\SYSTEM32\CRYPTBASE.dll
0x00007ffbc7490000 - 0x00007ffbc74bd000 	C:\WINDOWS\SYSTEM32\IPHLPAPI.DLL
0x00007ffbca600000 - 0x00007ffbca609000 	C:\WINDOWS\System32\NSI.dll
0x00007ffb72b40000 - 0x00007ffb72b89000 	C:\Users\HP\AppData\Local\Temp\jna--737292628\jna12511163582490890011.dll
0x00007ffbcaa50000 - 0x00007ffbcaa58000 	C:\WINDOWS\System32\PSAPI.DLL
0x00007ffbc46c0000 - 0x00007ffbc46d9000 	C:\WINDOWS\SYSTEM32\dhcpcsvc6.DLL
0x00007ffbc4220000 - 0x00007ffbc423f000 	C:\WINDOWS\SYSTEM32\dhcpcsvc.DLL
0x00007ffbc7a00000 - 0x00007ffbc7a34000 	C:\WINDOWS\SYSTEM32\ntmarta.dll

JVMTI agents:
c:\Users\HP\.vscode\extensions\redhat.java-1.47.0-win32-x64\lombok\lombok-1.18.39-4050.jar path:c:\Users\HP\.vscode\extensions\redhat.java-1.47.0-win32-x64\jre\21.0.8-win32-x86_64\bin\instrument.dll, loaded, initialized, instrumentlib options:none

dbghelp: loaded successfully - version: 4.0.5 - missing functions: none
symbol engine: initialized successfully - sym options: 0x614 - pdb path: .;c:\Users\HP\.vscode\extensions\redhat.java-1.47.0-win32-x64\jre\21.0.8-win32-x86_64\bin;C:\WINDOWS\SYSTEM32;C:\WINDOWS\WinSxS\amd64_microsoft.windows.common-controls_6595b64144ccf1df_6.0.22621.3672_none_2713b9d173822955;c:\Users\HP\.vscode\extensions\redhat.java-1.47.0-win32-x64\jre\21.0.8-win32-x86_64\bin\server;C:\Users\HP\AppData\Roaming\Code\User\globalStorage\redhat.java\1.47.0\config_win\org.eclipse.equinox.launcher\org.eclipse.equinox.launcher.win32.win32.x86_64_1.2.1400.v20250801-0854;C:\Users\HP\AppData\Local\Temp\jna--737292628

VM Arguments:
jvm_args: --add-modules=ALL-SYSTEM --add-opens=java.base/java.util=ALL-UNNAMED --add-opens=java.base/java.lang=ALL-UNNAMED --add-opens=java.base/sun.nio.fs=ALL-UNNAMED -Declipse.application=org.eclipse.jdt.ls.core.id1 -Dosgi.bundles.defaultStartLevel=4 -Declipse.product=org.eclipse.jdt.ls.core.product -Djava.import.generatesMetadataFilesAtProjectRoot=false -DDetectVMInstallationsJob.disabled=true -Dfile.encoding=utf8 -XX:+UseParallelGC -XX:GCTimeRatio=4 -XX:AdaptiveSizePolicyWeight=90 -Dsun.zip.disableMemoryMapping=true -Xmx2G -Xms100m -Xlog:disable -javaagent:c:\Users\HP\.vscode\extensions\redhat.java-1.47.0-win32-x64\lombok\lombok-1.18.39-4050.jar -XX:+HeapDumpOnOutOfMemoryError -XX:HeapDumpPath=c:\Users\HP\AppData\Roaming\Code\User\workspaceStorage\8b853b09a9e60bccf129865e28f2e1de\redhat.java -Daether.dependencyCollector.impl=bf 
java_command: c:\Users\HP\.vscode\extensions\redhat.java-1.47.0-win32-x64\server\plugins\org.eclipse.equinox.launcher_1.7.100.v20251014-1222.jar -configuration c:\Users\HP\AppData\Roaming\Code\User\globalStorage\redhat.java\1.47.0\config_win -data c:\Users\HP\AppData\Roaming\Code\User\workspaceStorage\8b853b09a9e60bccf129865e28f2e1de\redhat.java\jdt_ws --pipe=\\.\pipe\lsp-9cef11ac3ce05f48d18d8583681a9d70-sock
java_class_path (initial): c:\Users\HP\.vscode\extensions\redhat.java-1.47.0-win32-x64\server\plugins\org.eclipse.equinox.launcher_1.7.100.v20251014-1222.jar
Launcher Type: SUN_STANDARD

[Global flags]
    uintx AdaptiveSizePolicyWeight                 = 90                                        {product} {command line}
     intx CICompilerCount                          = 4                                         {product} {ergonomic}
    uintx GCTimeRatio                              = 4                                         {product} {command line}
     bool HeapDumpOnOutOfMemoryError               = true                                   {manageable} {command line}
    ccstr HeapDumpPath                             = c:\Users\HP\AppData\Roaming\Code\User\workspaceStorage\8b853b09a9e60bccf129865e28f2e1de\redhat.java         {manageable} {command line}
   size_t InitialHeapSize                          = 104857600                                 {product} {command line}
   size_t MaxHeapSize                              = 2147483648                                {product} {command line}
   size_t MaxNewSize                               = 715653120                                 {product} {ergonomic}
   size_t MinHeapDeltaBytes                        = 524288                                    {product} {ergonomic}
   size_t MinHeapSize                              = 104857600                                 {product} {command line}
   size_t NewSize                                  = 34603008                                  {product} {ergonomic}
    uintx NonNMethodCodeHeapSize                   = 5839372                                {pd product} {ergonomic}
    uintx NonProfiledCodeHeapSize                  = 122909434                              {pd product} {ergonomic}
   size_t OldSize                                  = 70254592                                  {product} {ergonomic}
     bool PerfDisableSharedMem                     = true                                      {product} {ergonomic}
    uintx ProfiledCodeHeapSize                     = 122909434                              {pd product} {ergonomic}
    uintx ReservedCodeCacheSize                    = 251658240                              {pd product} {ergonomic}
     bool SegmentedCodeCache                       = true                                      {product} {ergonomic}
   size_t SoftMaxHeapSize                          = 2147483648                             {manageable} {ergonomic}
     bool UseCompressedOops                        = true                           {product lp64_product} {ergonomic}
     bool UseLargePagesIndividualAllocation        = false                                  {pd product} {ergonomic}
     bool UseParallelGC                            = true                                      {product} {command line}

Logging:
Log output configuration:
 #0: stdout all=off uptime,level,tags foldmultilines=false
 #1: stderr all=off uptime,level,tags foldmultilines=false

Environment Variables:
PATH=C:\Program Files\Google\Chrome\Application;C:\Program Files\Common Files\Oracle\Java\javapath;C:\WINDOWS\system32;C:\WINDOWS;C:\WINDOWS\System32\Wbem;C:\WINDOWS\System32\WindowsPowerShell\v1.0\;C:\WINDOWS\System32\OpenSSH\;C:\MinGW\bin;C:\Program Files\HP\HP One Agent;D:\Git\cmd;C:\Users\HP\AppData\Local\Programs\Python\Python310\Scripts\;C:\Users\HP\AppData\Local\Programs\Python\Python310\;C:\Users\HP\AppData\Local\Microsoft\WindowsApps;C:\Users\HP\AppData\Local\Microsoft\WindowsApps;C:\Users\HP\AppData\Local\Programs\Microsoft VS Code\bin;D:\javafx-sdk-25.0.1\bin;D:\apache-maven-3.9.11\bin;C:\Program Files\JetBrains\IntelliJ IDEA 2025.2.4\bin;
USERNAME=aro_den
OS=Windows_NT
PROCESSOR_IDENTIFIER=Intel64 Family 6 Model 140 Stepping 2, GenuineIntel
TMP=C:\Users\HP\AppData\Local\Temp
TEMP=C:\Users\HP\AppData\Local\Temp




Periodic native trim disabled

---------------  S Y S T E M  ---------------

OS:
 Windows 11 , 64 bit Build 22621 (10.0.22621.3958)
OS uptime: 1 days 6:49 hours
Hyper-V role detected

CPU: total 8 (initial active 8) (4 cores per cpu, 2 threads per core) family 6 model 140 stepping 2 microcode 0x2c, cx8, cmov, fxsr, ht, mmx, 3dnowpref, sse, sse2, sse3, ssse3, sse4.1, sse4.2, popcnt, lzcnt, tsc, tscinvbit, avx, avx2, aes, erms, clmul, bmi1, bmi2, adx, avx512f, avx512dq, avx512cd, avx512bw, avx512vl, sha, fma, vzeroupper, avx512_vpopcntdq, avx512_vpclmulqdq, avx512_vaes, avx512_vnni, clflush, clflushopt, clwb, avx512_vbmi2, avx512_vbmi, hv, rdtscp, rdpid, fsrm, gfni, avx512_bitalg, f16c, cet_ibt, cet_ss, avx512_ifma
Processor Information for the first 8 processors :
  Max Mhz: 2496, Current Mhz: 2496, Mhz Limit: 2496

Memory: 4k page, system-wide physical 7941M (524M free)
TotalPageFile size 14753M (AvailPageFile size 0M)
current process WorkingSet (physical memory assigned to process): 855M, peak: 904M
current process commit charge ("private bytes"): 995M, peak: 1658M

vm_info: OpenJDK 64-Bit Server VM (21.0.8+9-LTS) for windows-amd64 JRE (21.0.8+9-LTS), built on 2025-07-15T00:00:00Z by "admin" with MS VC++ 17.7 (VS2022)

END.
